<?xml version="1.1" encoding="UTF-8"?>
<testsuite name="co.edu.udea.appempresariales.test.CodeBreakerTest" tests="5" failures="0" errors="0" timestamp="2015-11-28T15:21:47" hostname="localhost.localdomain" time="0.016">
  <properties/>
  <testcase name="adivina1_1" classname="co.edu.udea.appempresariales.test.CodeBreakerTest" time="0.003"/>
  <testcase name="adivina1_2" classname="co.edu.udea.appempresariales.test.CodeBreakerTest" time="0.001"/>
  <testcase name="adivina1_3" classname="co.edu.udea.appempresariales.test.CodeBreakerTest" time="0.001"/>
  <testcase name="adivina1_4" classname="co.edu.udea.appempresariales.test.CodeBreakerTest" time="0.001"/>
  <testcase name="adivina1_5" classname="co.edu.udea.appempresariales.test.CodeBreakerTest" time="0.001"/>
  <system-out><![CDATA[]]></system-out>
  <system-err><![CDATA[]]></system-err>
</testsuite>
